{
  message: "[errorController.js] (line 40) - ENOENT: no such file or directory, stat '/home/plato/zc_plugin_company_goals/client/build/index.html'",
  level: 'error',
  timestamp: '2021-09-03T13:10:46.778Z'
}
{
  message: "[errorController.js] (line 40) - ENOENT: no such file or directory, stat '/home/plato/zc_plugin_company_goals/client/build/index.html'",
  level: 'error',
  timestamp: '2021-09-03T13:10:54.418Z'
}
{
  message: "[errorController.js] (line 40) - ENOENT: no such file or directory, stat '/home/plato/zc_plugin_company_goals/client/build/index.html'",
  level: 'error',
  timestamp: '2021-09-03T13:10:57.367Z'
}
{
  message: "[errorController.js] (line 40) - ENOENT: no such file or directory, stat '/home/plato/zc_plugin_company_goals/client/build/index.html'",
  level: 'error',
  timestamp: '2021-09-03T13:10:58.108Z'
}
{
  message: "[errorController.js] (line 40) - ENOENT: no such file or directory, stat '/home/plato/zc_plugin_company_goals/client/build/index.html'",
  level: 'error',
  timestamp: '2021-09-03T13:11:58.308Z'
}
{
  message: "[errorController.js] (line 40) - ENOENT: no such file or directory, stat '/home/plato/zc_plugin_company_goals/client/build/index.html'",
  level: 'error',
  timestamp: '2021-09-03T13:12:00.300Z'
}
{
  message: "[errorController.js] (line 40) - ENOENT: no such file or directory, stat '/home/plato/zc_plugin_company_goals/client/build/index.html'",
  level: 'error',
  timestamp: '2021-09-03T13:12:17.320Z'
}
{
  message: "[errorController.js] (line 40) - ENOENT: no such file or directory, stat '/home/plato/zc_plugin_company_goals/client/build/index.html'",
  level: 'error',
  timestamp: '2021-09-03T13:12:20.560Z'
}
{
  message: "[errorController.js] (line 40) - ENOENT: no such file or directory, stat '/home/plato/zc_plugin_company_goals/client/build/index.html'",
  level: 'error',
  timestamp: '2021-09-03T13:13:18.109Z'
}
{
  message: "[errorController.js] (line 40) - ENOENT: no such file or directory, stat '/home/plato/zc_plugin_company_goals/client/build/index.html'",
  level: 'error',
  timestamp: '2021-09-03T13:13:24.343Z'
}
{
  message: "[errorController.js] (line 40) - ENOENT: no such file or directory, stat '/home/plato/zc_plugin_company_goals/client/build/index.html'",
  level: 'error',
  timestamp: '2021-09-03T13:14:01.914Z'
}
{
  message: "[errorController.js] (line 40) - ENOENT: no such file or directory, stat '/home/plato/zc_plugin_company_goals/client/build/index.html'",
  level: 'error',
  timestamp: '2021-09-03T13:15:57.372Z'
}
{
  message: "[errorController.js] (line 40) - ENOENT: no such file or directory, stat '/home/plato/zc_plugin_company_goals/client/build/index.html'",
  level: 'error',
  timestamp: '2021-09-03T13:20:32.967Z'
}
{
  message: "[errorController.js] (line 40) - ENOENT: no such file or directory, stat '/home/plato/zc_plugin_company_goals/client/build/index.html'",
  level: 'error',
  timestamp: '2021-09-03T13:20:32.990Z'
}
{
  message: "[errorController.js] (line 40) - ENOENT: no such file or directory, stat '/home/plato/zc_plugin_company_goals/client/build/index.html'",
  level: 'error',
  timestamp: '2021-09-03T13:20:52.480Z'
}
{
  message: "[errorController.js] (line 40) - ENOENT: no such file or directory, stat '/home/plato/zc_plugin_company_goals/client/build/index.html'",
  level: 'error',
  timestamp: '2021-09-03T13:20:52.954Z'
}
{
  message: "[errorController.js] (line 40) - ENOENT: no such file or directory, stat '/home/plato/zc_plugin_company_goals/client/build/index.html'",
  level: 'error',
  timestamp: '2021-09-03T16:50:25.470Z'
}
{
  message: "[errorController.js] (line 40) - ENOENT: no such file or directory, stat '/home/plato/zc_plugin_company_goals/client/build/index.html'",
  level: 'error',
  timestamp: '2021-09-03T19:16:17.020Z'
}
{
  message: "[errorController.js] (line 40) - ENOENT: no such file or directory, stat '/home/plato/zc_plugin_company_goals/client/build/index.html'",
  level: 'error',
  timestamp: '2021-09-03T19:17:37.063Z'
}
{
  message: "[errorController.js] (line 40) - ENOENT: no such file or directory, stat '/home/plato/zc_plugin_company_goals/client/build/index.html'",
  level: 'error',
  timestamp: '2021-09-03T19:17:38.775Z'
}
